<?xml version="1.0" encoding="UTF-8"?>
<testsuites name="New Test Suite (8)" time="21" tests="1" failures="0" errors="0">
   <testsuite name="New Test Suite (8)" tests="1" failures="0" errors="0" time="21" timestamp="2018-03-28 00:36:28" hostname="sear_cheulong - DESKTOP-945KT5Q" id="Test Suites/New Test Suite (8)">
      <properties>
         <property name="deviceName" value=""/>
         <property name="devicePlatform" value=""/>
         <property name="logFolder" value="C:\\Users\\sear_cheulong\\git\\Katalon-project\\Reports\\New Test Suite (8)\\20180328_003614"/>
         <property name="logFiles" value="C:\\Users\\sear_cheulong\\git\\Katalon-project\\Reports\\New Test Suite (8)\\20180328_003614\\execution0.log"/>
         <property name="attachments" value=""/>
         <property name="hostName" value="sear_cheulong - DESKTOP-945KT5Q"/>
         <property name="os" value="Windows 10 64bit"/>
         <property name="katalonVersion" value="5.3.1.1"/>
         <property name="browser" value="Chrome 65.0.3325.181"/>
         <property name="hostAddress" value="192.168.1.3"/>
         <property name="sessionId" value="87af8df67f3d122f6b1126a399588e42"/>
         <property name="seleniumVersion" value="3.7.1"/>
         <property name="proxyInformation" value="ProxyInformation{proxyOption=NO_PROXY, proxyServerType=HTTP, password=, proxyServerAddress=, proxyServerPort=0}"/>
         <property name="platform" value="Windows 10"/>
      </properties>
      <testcase name="Test Cases/UC9/viewStudentList" classname="Test Cases/UC9/viewStudentList" status="PASSED">
         <system-out><![CDATA[2018-03-28 00:36:29 - [TEST_CASE][PASSED] - Test Cases/UC9/viewStudentList: Test Cases/UC9/viewStudentList

2018-03-28 00:36:29 - [TEST_STEP][PASSED] - openBrowser: Browser is opened with url: ''

2018-03-28 00:36:37 - [MESSAGE][PASSED] - Browser is opened with url: ''

2018-03-28 00:36:37 - [TEST_STEP][PASSED] - navigateToUrl: Navigate to 'http://localhost:4200/student-crud' successfully

2018-03-28 00:36:46 - [MESSAGE][PASSED] - Navigate to 'http://localhost:4200/student-crud' successfully

2018-03-28 00:36:46 - [TEST_STEP][PASSED] - click: Object: 'Object Repository/UC9/span_Student list' is clicked on

2018-03-28 00:36:46 - [MESSAGE][PASSED] - Object: 'Object Repository/UC9/span_Student list' is clicked on

2018-03-28 00:36:46 - [TEST_STEP][PASSED] - verifyElementPresent: Object 'Object Repository/UC9/span_Student list' is present

2018-03-28 00:36:47 - [MESSAGE][WARNING] - Timeout '0' is invalid. Using default page load timeout: '30'

2018-03-28 00:36:47 - [MESSAGE][PASSED] - Object 'Object Repository/UC9/span_Student list' is present

2018-03-28 00:36:47 - [TEST_STEP][PASSED] - closeBrowser: Browser is closed

2018-03-28 00:36:49 - [MESSAGE][PASSED] - Browser is closed]]></system-out>
         <system-err><![CDATA[]]></system-err>
      </testcase>
      <system-out><![CDATA[2018-03-28 00:36:28 - [TEST_SUITE][PASSED] - New Test Suite (8): Test Cases/UC9/viewStudentList]]></system-out>
      <system-err><![CDATA[]]></system-err>
   </testsuite>
</testsuites>
