<?xml version="1.0" encoding="UTF-8"?>
<testsuites name="New Test Suite (5)" time="43" tests="1" failures="0" errors="0">
   <testsuite name="New Test Suite (5)" tests="1" failures="0" errors="0" time="43" timestamp="2018-03-28 00:37:48" hostname="sear_cheulong - DESKTOP-945KT5Q" id="Test Suites/New Test Suite (5)">
      <properties>
         <property name="deviceName" value=""/>
         <property name="devicePlatform" value=""/>
         <property name="logFolder" value="C:\\Users\\sear_cheulong\\git\\Katalon-project\\Reports\\New Test Suite (5)\\20180328_003743"/>
         <property name="logFiles" value="C:\\Users\\sear_cheulong\\git\\Katalon-project\\Reports\\New Test Suite (5)\\20180328_003743\\execution0.log"/>
         <property name="attachments" value=""/>
         <property name="hostName" value="sear_cheulong - DESKTOP-945KT5Q"/>
         <property name="os" value="Windows 10 64bit"/>
         <property name="katalonVersion" value="5.3.1.1"/>
         <property name="browser" value="Chrome 65.0.3325.181"/>
         <property name="hostAddress" value="192.168.1.3"/>
         <property name="sessionId" value="551f2aad4900703a5c7da2906f7a16c3"/>
         <property name="seleniumVersion" value="3.7.1"/>
         <property name="proxyInformation" value="ProxyInformation{proxyOption=NO_PROXY, proxyServerType=HTTP, password=, proxyServerAddress=, proxyServerPort=0}"/>
         <property name="platform" value="Windows 10"/>
      </properties>
      <testcase name="Test Cases/UC6/deleteCourse_success" classname="Test Cases/UC6/deleteCourse_success" status="PASSED">
         <system-out><![CDATA[2018-03-28 00:37:50 - [TEST_CASE][PASSED] - Test Cases/UC6/deleteCourse_success: Test Cases/UC6/deleteCourse_success

2018-03-28 00:37:51 - [TEST_STEP][PASSED] - openBrowser: Browser is opened with url: ''

2018-03-28 00:38:06 - [MESSAGE][PASSED] - Browser is opened with url: ''

2018-03-28 00:38:06 - [TEST_STEP][PASSED] - navigateToUrl: Navigate to 'http://localhost:4200/course-crud' successfully

2018-03-28 00:38:21 - [MESSAGE][PASSED] - Navigate to 'http://localhost:4200/course-crud' successfully

2018-03-28 00:38:21 - [TEST_STEP][PASSED] - click: Object: 'Object Repository/UC6/button_X' is clicked on

2018-03-28 00:38:21 - [MESSAGE][PASSED] - Object: 'Object Repository/UC6/button_X' is clicked on

2018-03-28 00:38:21 - [TEST_STEP][PASSED] - click: Object: 'Object Repository/UC6/span_Delete Success' is clicked on

2018-03-28 00:38:22 - [MESSAGE][PASSED] - Object: 'Object Repository/UC6/span_Delete Success' is clicked on

2018-03-28 00:38:22 - [TEST_STEP][PASSED] - verifyElementPresent: Object 'Object Repository/UC6/span_Delete Success' is present

2018-03-28 00:38:22 - [MESSAGE][WARNING] - Timeout '0' is invalid. Using default page load timeout: '30'

2018-03-28 00:38:22 - [MESSAGE][PASSED] - Object 'Object Repository/UC6/span_Delete Success' is present

2018-03-28 00:38:22 - [TEST_STEP][PASSED] - closeBrowser: Browser is closed

2018-03-28 00:38:32 - [MESSAGE][PASSED] - Browser is closed]]></system-out>
         <system-err><![CDATA[]]></system-err>
      </testcase>
      <system-out><![CDATA[2018-03-28 00:37:48 - [TEST_SUITE][PASSED] - New Test Suite (5): Test Cases/UC6/deleteCourse_success]]></system-out>
      <system-err><![CDATA[]]></system-err>
   </testsuite>
</testsuites>
