<?xml version="1.0" encoding="UTF-8"?>
<testsuites name="New Test Suite (2)" time="47" tests="2" failures="0" errors="0">
   <testsuite name="New Test Suite (2)" tests="2" failures="0" errors="0" time="47" timestamp="2018-03-28 00:38:02" hostname="sear_cheulong - DESKTOP-945KT5Q" id="Test Suites/New Test Suite (2)">
      <properties>
         <property name="deviceName" value=""/>
         <property name="devicePlatform" value=""/>
         <property name="logFolder" value="C:\\Users\\sear_cheulong\\git\\Katalon-project\\Reports\\New Test Suite (2)\\20180328_003744"/>
         <property name="logFiles" value="C:\\Users\\sear_cheulong\\git\\Katalon-project\\Reports\\New Test Suite (2)\\20180328_003744\\execution0.log"/>
         <property name="attachments" value=""/>
         <property name="hostName" value="sear_cheulong - DESKTOP-945KT5Q"/>
         <property name="os" value="Windows 10 64bit"/>
         <property name="katalonVersion" value="5.3.1.1"/>
         <property name="browser" value="Chrome 65.0.3325.181"/>
         <property name="hostAddress" value="192.168.1.3"/>
         <property name="sessionId" value="d33081cf5967b5555d6a1a1ab4c710ea"/>
         <property name="seleniumVersion" value="3.7.1"/>
         <property name="proxyInformation" value="ProxyInformation{proxyOption=NO_PROXY, proxyServerType=HTTP, password=, proxyServerAddress=, proxyServerPort=0}"/>
         <property name="platform" value="Windows 10"/>
      </properties>
      <testcase name="Test Cases/UC3/createCourse_input_somefield_failed" classname="Test Cases/UC3/createCourse_input_somefield_failed" status="PASSED">
         <system-out><![CDATA[2018-03-28 00:38:03 - [TEST_CASE][PASSED] - Test Cases/UC3/createCourse_input_somefield_failed: Test Cases/UC3/createCourse_input_somefield_failed

2018-03-28 00:38:04 - [TEST_STEP][PASSED] - openBrowser: Browser is opened with url: ''

2018-03-28 00:38:14 - [MESSAGE][PASSED] - Browser is opened with url: ''

2018-03-28 00:38:14 - [TEST_STEP][PASSED] - navigateToUrl: Navigate to 'http://localhost:4200/course-crud' successfully

2018-03-28 00:38:23 - [MESSAGE][PASSED] - Navigate to 'http://localhost:4200/course-crud' successfully

2018-03-28 00:38:23 - [TEST_STEP][PASSED] - click: Object: 'Object Repository/UC3/i_add' is clicked on

2018-03-28 00:38:23 - [MESSAGE][PASSED] - Object: 'Object Repository/UC3/i_add' is clicked on

2018-03-28 00:38:23 - [TEST_STEP][PASSED] - setText: Text 'Software Quality Assurance' is set on object 'Object Repository/UC3/input_name'

2018-03-28 00:38:25 - [MESSAGE][PASSED] - Text 'Software Quality Assurance' is set on object 'Object Repository/UC3/input_name'

2018-03-28 00:38:25 - [TEST_STEP][PASSED] - setText: Text '953422' is set on object 'Object Repository/UC3/input_courseNum'

2018-03-28 00:38:26 - [MESSAGE][PASSED] - Text '953422' is set on object 'Object Repository/UC3/input_courseNum'

2018-03-28 00:38:26 - [TEST_STEP][PASSED] - setText: Text 'CAMT114' is set on object 'Object Repository/UC3/input_courseRoom'

2018-03-28 00:38:26 - [MESSAGE][PASSED] - Text 'CAMT114' is set on object 'Object Repository/UC3/input_courseRoom'

2018-03-28 00:38:26 - [TEST_STEP][PASSED] - setText: Text 'Friday 9:30-12:30' is set on object 'Object Repository/UC3/input_courseDate'

2018-03-28 00:38:27 - [MESSAGE][PASSED] - Text 'Friday 9:30-12:30' is set on object 'Object Repository/UC3/input_courseDate'

2018-03-28 00:38:27 - [TEST_STEP][PASSED] - setText: Text 'Introduction to quality assurance. Code of ethics' is set on object 'Object Repository/UC3/input_description'

2018-03-28 00:38:28 - [MESSAGE][PASSED] - Text 'Introduction to quality assurance. Code of ethics' is set on object 'Object Repository/UC3/input_description'

2018-03-28 00:38:28 - [TEST_STEP][PASSED] - click: Object: 'Object Repository/UC3/input_seat' is clicked on

2018-03-28 00:38:28 - [MESSAGE][PASSED] - Object: 'Object Repository/UC3/input_seat' is clicked on

2018-03-28 00:38:28 - [TEST_STEP][PASSED] - click: Object: 'Object Repository/UC3/span_Select Option' is clicked on

2018-03-28 00:38:29 - [MESSAGE][PASSED] - Object: 'Object Repository/UC3/span_Select Option' is clicked on

2018-03-28 00:38:29 - [TEST_STEP][PASSED] - verifyElementPresent: Object 'Object Repository/UC3/div_Seat number is required.' is present

2018-03-28 00:38:29 - [MESSAGE][WARNING] - Timeout '0' is invalid. Using default page load timeout: '30'

2018-03-28 00:38:29 - [MESSAGE][PASSED] - Object 'Object Repository/UC3/div_Seat number is required.' is present

2018-03-28 00:38:29 - [TEST_STEP][PASSED] - closeBrowser: Browser is closed

2018-03-28 00:38:31 - [MESSAGE][PASSED] - Browser is closed]]></system-out>
         <system-err><![CDATA[]]></system-err>
      </testcase>
      <testcase name="Test Cases/UC3/createCourse_valid_info_success" classname="Test Cases/UC3/createCourse_valid_info_success" status="PASSED">
         <system-out><![CDATA[2018-03-28 00:38:31 - [TEST_CASE][PASSED] - Test Cases/UC3/createCourse_valid_info_success: Test Cases/UC3/createCourse_valid_info_success

2018-03-28 00:38:31 - [TEST_STEP][PASSED] - openBrowser: Browser is opened with url: ''

2018-03-28 00:38:35 - [MESSAGE][PASSED] - Browser is opened with url: ''

2018-03-28 00:38:35 - [TEST_STEP][PASSED] - navigateToUrl: Navigate to 'http://localhost:4200/course-crud' successfully

2018-03-28 00:38:44 - [MESSAGE][PASSED] - Navigate to 'http://localhost:4200/course-crud' successfully

2018-03-28 00:38:44 - [TEST_STEP][PASSED] - click: Object: 'Object Repository/UC3/i_add' is clicked on

2018-03-28 00:38:44 - [MESSAGE][PASSED] - Object: 'Object Repository/UC3/i_add' is clicked on

2018-03-28 00:38:44 - [TEST_STEP][PASSED] - setText: Text 'Software Quality Assurance' is set on object 'Object Repository/UC3/input_name'

2018-03-28 00:38:45 - [MESSAGE][PASSED] - Text 'Software Quality Assurance' is set on object 'Object Repository/UC3/input_name'

2018-03-28 00:38:45 - [TEST_STEP][PASSED] - setText: Text '953422' is set on object 'Object Repository/UC3/input_courseNum'

2018-03-28 00:38:46 - [MESSAGE][PASSED] - Text '953422' is set on object 'Object Repository/UC3/input_courseNum'

2018-03-28 00:38:46 - [TEST_STEP][PASSED] - setText: Text 'CAMT114' is set on object 'Object Repository/UC3/input_courseRoom'

2018-03-28 00:38:46 - [MESSAGE][PASSED] - Text 'CAMT114' is set on object 'Object Repository/UC3/input_courseRoom'

2018-03-28 00:38:46 - [TEST_STEP][PASSED] - setText: Text 'Friday 9:30-12:30' is set on object 'Object Repository/UC3/input_courseDate'

2018-03-28 00:38:47 - [MESSAGE][PASSED] - Text 'Friday 9:30-12:30' is set on object 'Object Repository/UC3/input_courseDate'

2018-03-28 00:38:47 - [TEST_STEP][PASSED] - setText: Text 'Introduction to quality assurance. Code of ethics' is set on object 'Object Repository/UC3/input_description'

2018-03-28 00:38:47 - [MESSAGE][PASSED] - Text 'Introduction to quality assurance. Code of ethics' is set on object 'Object Repository/UC3/input_description'

2018-03-28 00:38:47 - [TEST_STEP][PASSED] - setText: Text '50' is set on object 'Object Repository/UC3/input_seat'

2018-03-28 00:38:48 - [MESSAGE][PASSED] - Text '50' is set on object 'Object Repository/UC3/input_seat'

2018-03-28 00:38:48 - [TEST_STEP][PASSED] - click: Object: 'Object Repository/UC3/span_Select Option' is clicked on

2018-03-28 00:38:48 - [MESSAGE][PASSED] - Object: 'Object Repository/UC3/span_Select Option' is clicked on

2018-03-28 00:38:48 - [TEST_STEP][PASSED] - click: Object: 'Object Repository/UC3/span_Mr.Phudinun Singkhamfu' is clicked on

2018-03-28 00:38:48 - [MESSAGE][PASSED] - Object: 'Object Repository/UC3/span_Mr.Phudinun Singkhamfu' is clicked on

2018-03-28 00:38:48 - [TEST_STEP][PASSED] - sendKeys: Keys 'TAB + ' sent to object: 'Object Repository/UC3/span_Select Option'

2018-03-28 00:38:48 - [MESSAGE][PASSED] - Keys 'TAB + ' sent to object: 'Object Repository/UC3/span_Select Option'

2018-03-28 00:38:48 - [TEST_STEP][PASSED] - click: Object: 'Object Repository/UC3/span_160' is clicked on

2018-03-28 00:38:48 - [MESSAGE][PASSED] - Object: 'Object Repository/UC3/span_160' is clicked on

2018-03-28 00:38:48 - [TEST_STEP][PASSED] - sendKeys: Keys 'TAB + ' sent to object: 'Object Repository/UC3/span_Select Option1'

2018-03-28 00:38:49 - [MESSAGE][PASSED] - Keys 'TAB + ' sent to object: 'Object Repository/UC3/span_Select Option1'

2018-03-28 00:38:49 - [TEST_STEP][PASSED] - click: Object: 'Object Repository/UC3/span_College of Art Media And' is clicked on

2018-03-28 00:38:49 - [MESSAGE][PASSED] - Object: 'Object Repository/UC3/span_College of Art Media And' is clicked on

2018-03-28 00:38:49 - [TEST_STEP][PASSED] - closeBrowser: Browser is closed

2018-03-28 00:38:50 - [MESSAGE][PASSED] - Browser is closed]]></system-out>
         <system-err><![CDATA[]]></system-err>
      </testcase>
      <system-out><![CDATA[2018-03-28 00:38:02 - [TEST_SUITE][PASSED] - New Test Suite (2): Test Cases/UC3/createCourse_valid_info_success]]></system-out>
      <system-err><![CDATA[]]></system-err>
   </testsuite>
</testsuites>
