<?xml version="1.0" encoding="UTF-8"?>
<testsuites name="New Test Suite (7)" time="66" tests="2" failures="0" errors="0">
   <testsuite name="New Test Suite (7)" tests="2" failures="0" errors="0" time="66" timestamp="2018-03-28 00:37:48" hostname="sear_cheulong - DESKTOP-945KT5Q" id="Test Suites/New Test Suite (7)">
      <properties>
         <property name="deviceName" value=""/>
         <property name="devicePlatform" value=""/>
         <property name="logFolder" value="C:\\Users\\sear_cheulong\\git\\Katalon-project\\Reports\\New Test Suite (7)\\20180328_003743"/>
         <property name="logFiles" value="C:\\Users\\sear_cheulong\\git\\Katalon-project\\Reports\\New Test Suite (7)\\20180328_003743\\execution0.log"/>
         <property name="attachments" value=""/>
         <property name="hostName" value="sear_cheulong - DESKTOP-945KT5Q"/>
         <property name="os" value="Windows 10 64bit"/>
         <property name="katalonVersion" value="5.3.1.1"/>
         <property name="browser" value="Chrome 65.0.3325.181"/>
         <property name="hostAddress" value="192.168.1.3"/>
         <property name="sessionId" value="aeca788bceca348e83e5cf26d55f2221"/>
         <property name="seleniumVersion" value="3.7.1"/>
         <property name="proxyInformation" value="ProxyInformation{proxyOption=NO_PROXY, proxyServerType=HTTP, password=, proxyServerAddress=, proxyServerPort=0}"/>
         <property name="platform" value="Windows 10"/>
      </properties>
      <testcase name="Test Cases/UC8/updateStudent_some_empty_info_failed" classname="Test Cases/UC8/updateStudent_some_empty_info_failed" status="PASSED">
         <system-out><![CDATA[2018-03-28 00:37:49 - [TEST_CASE][PASSED] - Test Cases/UC8/updateStudent_some_empty_info_failed: Test Cases/UC8/updateStudent_some_empty_info_failed

2018-03-28 00:37:51 - [TEST_STEP][PASSED] - openBrowser: Browser is opened with url: ''

2018-03-28 00:38:05 - [MESSAGE][PASSED] - Browser is opened with url: ''

2018-03-28 00:38:05 - [TEST_STEP][PASSED] - navigateToUrl: Navigate to 'http://localhost:4200/student-crud' successfully

2018-03-28 00:38:21 - [MESSAGE][PASSED] - Navigate to 'http://localhost:4200/student-crud' successfully

2018-03-28 00:38:21 - [TEST_STEP][PASSED] - click: Object: 'Object Repository/UC8/a_Edit (1)' is clicked on

2018-03-28 00:38:26 - [MESSAGE][PASSED] - Object: 'Object Repository/UC8/a_Edit (1)' is clicked on

2018-03-28 00:38:26 - [TEST_STEP][PASSED] - setText: Text 'Praphusak' is set on object 'Object Repository/UC8/input_studentName (1)'

2018-03-28 00:38:27 - [MESSAGE][PASSED] - Text 'Praphusak' is set on object 'Object Repository/UC8/input_studentName (1)'

2018-03-28 00:38:27 - [TEST_STEP][PASSED] - setText: Text 'Tre-Intong' is set on object 'Object Repository/UC8/input_studentSurname (1)'

2018-03-28 00:38:27 - [MESSAGE][PASSED] - Text 'Tre-Intong' is set on object 'Object Repository/UC8/input_studentSurname (1)'

2018-03-28 00:38:27 - [TEST_STEP][PASSED] - setText: Text 'Pathathai Na Lumpoon' is set on object 'Object Repository/UC8/input_advisorName (1)'

2018-03-28 00:38:28 - [MESSAGE][PASSED] - Text 'Pathathai Na Lumpoon' is set on object 'Object Repository/UC8/input_advisorName (1)'

2018-03-28 00:38:28 - [TEST_STEP][PASSED] - setText: Text '123456' is set on object 'Object Repository/UC8/input_studentPassword'

2018-03-28 00:38:29 - [MESSAGE][PASSED] - Text '123456' is set on object 'Object Repository/UC8/input_studentPassword'

2018-03-28 00:38:29 - [TEST_STEP][PASSED] - setText: Text 'a' is set on object 'Object Repository/UC8/input_studentComfirmPassword'

2018-03-28 00:38:29 - [MESSAGE][PASSED] - Text 'a' is set on object 'Object Repository/UC8/input_studentComfirmPassword'

2018-03-28 00:38:29 - [TEST_STEP][PASSED] - setText: Text '01/01/1996' is set on object 'Object Repository/UC8/input_dateStudent'

2018-03-28 00:38:30 - [MESSAGE][PASSED] - Text '01/01/1996' is set on object 'Object Repository/UC8/input_dateStudent'

2018-03-28 00:38:30 - [TEST_STEP][PASSED] - verifyElementPresent: Object 'Object Repository/UC8/div_Password contian at least' is present

2018-03-28 00:38:30 - [MESSAGE][WARNING] - Timeout '0' is invalid. Using default page load timeout: '30'

2018-03-28 00:38:30 - [MESSAGE][PASSED] - Object 'Object Repository/UC8/div_Password contian at least' is present

2018-03-28 00:38:30 - [TEST_STEP][PASSED] - closeBrowser: Browser is closed

2018-03-28 00:38:31 - [MESSAGE][PASSED] - Browser is closed]]></system-out>
         <system-err><![CDATA[]]></system-err>
      </testcase>
      <testcase name="Test Cases/UC8/updateStudent_valid_info_success" classname="Test Cases/UC8/updateStudent_valid_info_success" status="PASSED">
         <system-out><![CDATA[2018-03-28 00:38:31 - [TEST_CASE][PASSED] - Test Cases/UC8/updateStudent_valid_info_success: Test Cases/UC8/updateStudent_valid_info_success

2018-03-28 00:38:32 - [TEST_STEP][PASSED] - openBrowser: Browser is opened with url: ''

2018-03-28 00:38:35 - [MESSAGE][PASSED] - Browser is opened with url: ''

2018-03-28 00:38:35 - [TEST_STEP][PASSED] - navigateToUrl: Navigate to 'http://localhost:4200/student-crud' successfully

2018-03-28 00:38:45 - [MESSAGE][PASSED] - Navigate to 'http://localhost:4200/student-crud' successfully

2018-03-28 00:38:45 - [TEST_STEP][PASSED] - click: Object: 'Object Repository/UC8/a_Edit (1)' is clicked on

2018-03-28 00:38:50 - [MESSAGE][PASSED] - Object: 'Object Repository/UC8/a_Edit (1)' is clicked on

2018-03-28 00:38:50 - [TEST_STEP][PASSED] - setText: Text 'Praphusak' is set on object 'Object Repository/UC8/input_studentName (1)'

2018-03-28 00:38:51 - [MESSAGE][PASSED] - Text 'Praphusak' is set on object 'Object Repository/UC8/input_studentName (1)'

2018-03-28 00:38:51 - [TEST_STEP][PASSED] - setText: Text 'Tre-Intong' is set on object 'Object Repository/UC8/input_studentSurname (1)'

2018-03-28 00:38:51 - [MESSAGE][PASSED] - Text 'Tre-Intong' is set on object 'Object Repository/UC8/input_studentSurname (1)'

2018-03-28 00:38:51 - [TEST_STEP][PASSED] - setText: Text 'Pathathai Na Lumpoon' is set on object 'Object Repository/UC8/input_advisorName (1)'

2018-03-28 00:38:52 - [MESSAGE][PASSED] - Text 'Pathathai Na Lumpoon' is set on object 'Object Repository/UC8/input_advisorName (1)'

2018-03-28 00:38:52 - [TEST_STEP][PASSED] - setText: Text '123456' is set on object 'Object Repository/UC8/input_studentPassword'

2018-03-28 00:38:52 - [MESSAGE][PASSED] - Text '123456' is set on object 'Object Repository/UC8/input_studentPassword'

2018-03-28 00:38:52 - [TEST_STEP][PASSED] - setText: Text '123456' is set on object 'Object Repository/UC8/input_studentComfirmPassword'

2018-03-28 00:38:52 - [MESSAGE][PASSED] - Text '123456' is set on object 'Object Repository/UC8/input_studentComfirmPassword'

2018-03-28 00:38:52 - [TEST_STEP][PASSED] - setText: Text '01/01/1996' is set on object 'Object Repository/UC8/input_dateStudent'

2018-03-28 00:38:52 - [MESSAGE][PASSED] - Text '01/01/1996' is set on object 'Object Repository/UC8/input_dateStudent'

2018-03-28 00:38:52 - [TEST_STEP][PASSED] - setText: Text 'Chiang Mai' is set on object 'Object Repository/UC8/input_studentAddress'

2018-03-28 00:38:53 - [MESSAGE][PASSED] - Text 'Chiang Mai' is set on object 'Object Repository/UC8/input_studentAddress'

2018-03-28 00:38:53 - [TEST_STEP][PASSED] - setText: Text '12312321123' is set on object 'Object Repository/UC8/input_phone'

2018-03-28 00:38:53 - [MESSAGE][PASSED] - Text '12312321123' is set on object 'Object Repository/UC8/input_phone'

2018-03-28 00:38:53 - [TEST_STEP][PASSED] - click: Object: 'Object Repository/UC8/button_Save (1)' is clicked on

2018-03-28 00:38:53 - [MESSAGE][PASSED] - Object: 'Object Repository/UC8/button_Save (1)' is clicked on

2018-03-28 00:38:53 - [TEST_STEP][PASSED] - click: Object: 'Object Repository/UC8/h4_Update Success (1)' is clicked on

2018-03-28 00:38:53 - [MESSAGE][PASSED] - Object: 'Object Repository/UC8/h4_Update Success (1)' is clicked on

2018-03-28 00:38:53 - [TEST_STEP][PASSED] - verifyElementPresent: Object 'Object Repository/UC8/h4_Update Success (1)' is present

2018-03-28 00:38:53 - [MESSAGE][WARNING] - Timeout '0' is invalid. Using default page load timeout: '30'

2018-03-28 00:38:54 - [MESSAGE][PASSED] - Object 'Object Repository/UC8/h4_Update Success (1)' is present

2018-03-28 00:38:54 - [TEST_STEP][PASSED] - click: Object: 'Object Repository/UC8/a_OK (1)' is clicked on

2018-03-28 00:38:54 - [MESSAGE][PASSED] - Object: 'Object Repository/UC8/a_OK (1)' is clicked on

2018-03-28 00:38:54 - [TEST_STEP][PASSED] - closeBrowser: Browser is closed

2018-03-28 00:38:55 - [MESSAGE][PASSED] - Browser is closed]]></system-out>
         <system-err><![CDATA[]]></system-err>
      </testcase>
      <system-out><![CDATA[2018-03-28 00:37:48 - [TEST_SUITE][PASSED] - New Test Suite (7): Test Cases/UC8/updateStudent_valid_info_success]]></system-out>
      <system-err><![CDATA[]]></system-err>
   </testsuite>
</testsuites>
