<?xml version="1.0" encoding="UTF-8"?>
<testsuites name="New Test Suite (6)" time="50" tests="2" failures="0" errors="0">
   <testsuite name="New Test Suite (6)" tests="2" failures="0" errors="0" time="50" timestamp="2018-03-28 00:36:19" hostname="sear_cheulong - DESKTOP-945KT5Q" id="Test Suites/New Test Suite (6)">
      <properties>
         <property name="deviceName" value=""/>
         <property name="devicePlatform" value=""/>
         <property name="logFolder" value="C:\\Users\\sear_cheulong\\git\\Katalon-project\\Reports\\New Test Suite (6)\\20180328_003614"/>
         <property name="logFiles" value="C:\\Users\\sear_cheulong\\git\\Katalon-project\\Reports\\New Test Suite (6)\\20180328_003614\\execution0.log"/>
         <property name="attachments" value=""/>
         <property name="hostName" value="sear_cheulong - DESKTOP-945KT5Q"/>
         <property name="os" value="Windows 10 64bit"/>
         <property name="katalonVersion" value="5.3.1.1"/>
         <property name="browser" value="Chrome 65.0.3325.181"/>
         <property name="hostAddress" value="192.168.1.3"/>
         <property name="sessionId" value="71552c959a3d818b2e015910e59d91b4"/>
         <property name="seleniumVersion" value="3.7.1"/>
         <property name="proxyInformation" value="ProxyInformation{proxyOption=NO_PROXY, proxyServerType=HTTP, password=, proxyServerAddress=, proxyServerPort=0}"/>
         <property name="platform" value="Windows 10"/>
      </properties>
      <testcase name="Test Cases/UC7/createStudentAcount_empty_some_Info_Failed" classname="Test Cases/UC7/createStudentAcount_empty_some_Info_Failed" status="PASSED">
         <system-out><![CDATA[2018-03-28 00:36:21 - [TEST_CASE][PASSED] - Test Cases/UC7/createStudentAcount_empty_some_Info_Failed: Test Cases/UC7/createStudentAcount_empty_some_Info_Failed

2018-03-28 00:36:23 - [TEST_STEP][PASSED] - openBrowser: Browser is opened with url: ''

2018-03-28 00:36:34 - [MESSAGE][PASSED] - Browser is opened with url: ''

2018-03-28 00:36:34 - [TEST_STEP][PASSED] - navigateToUrl: Navigate to 'http://localhost:4200/student-crud' successfully

2018-03-28 00:36:46 - [MESSAGE][PASSED] - Navigate to 'http://localhost:4200/student-crud' successfully

2018-03-28 00:36:46 - [TEST_STEP][PASSED] - click: Object: 'Object Repository/UC7/i_add' is clicked on

2018-03-28 00:36:47 - [MESSAGE][PASSED] - Object: 'Object Repository/UC7/i_add' is clicked on

2018-03-28 00:36:47 - [TEST_STEP][PASSED] - setText: Text 'Praphusak' is set on object 'Object Repository/UC7/input_name'

2018-03-28 00:36:48 - [MESSAGE][PASSED] - Text 'Praphusak' is set on object 'Object Repository/UC7/input_name'

2018-03-28 00:36:48 - [TEST_STEP][PASSED] - setText: Text ' Tre-Intong' is set on object 'Object Repository/UC7/input_surname'

2018-03-28 00:36:48 - [MESSAGE][PASSED] - Text ' Tre-Intong' is set on object 'Object Repository/UC7/input_surname'

2018-03-28 00:36:48 - [TEST_STEP][PASSED] - setText: Text 'parphusak_t@cmu.ac.th' is set on object 'Object Repository/UC7/input_email'

2018-03-28 00:36:49 - [MESSAGE][PASSED] - Text 'parphusak_t@cmu.ac.th' is set on object 'Object Repository/UC7/input_email'

2018-03-28 00:36:49 - [TEST_STEP][PASSED] - setText: Text 'Pathathai Na Lumpoon' is set on object 'Object Repository/UC7/input_advisorName'

2018-03-28 00:36:50 - [MESSAGE][PASSED] - Text 'Pathathai Na Lumpoon' is set on object 'Object Repository/UC7/input_advisorName'

2018-03-28 00:36:50 - [TEST_STEP][PASSED] - setText: Text '123456' is set on object 'Object Repository/UC7/input_password'

2018-03-28 00:36:50 - [MESSAGE][PASSED] - Text '123456' is set on object 'Object Repository/UC7/input_password'

2018-03-28 00:36:50 - [TEST_STEP][PASSED] - click: Object: 'Object Repository/UC7/input_password2' is clicked on

2018-03-28 00:36:50 - [MESSAGE][PASSED] - Object: 'Object Repository/UC7/input_password2' is clicked on

2018-03-28 00:36:50 - [TEST_STEP][PASSED] - click: Object: 'Object Repository/UC7/input_date' is clicked on

2018-03-28 00:36:50 - [MESSAGE][PASSED] - Object: 'Object Repository/UC7/input_date' is clicked on

2018-03-28 00:36:50 - [TEST_STEP][PASSED] - click: Object: 'Object Repository/UC7/div_Password is required.' is clicked on

2018-03-28 00:36:50 - [MESSAGE][PASSED] - Object: 'Object Repository/UC7/div_Password is required.' is clicked on

2018-03-28 00:36:50 - [TEST_STEP][PASSED] - closeBrowser: Browser is closed

2018-03-28 00:36:52 - [MESSAGE][PASSED] - Browser is closed]]></system-out>
         <system-err><![CDATA[]]></system-err>
      </testcase>
      <testcase name="Test Cases/UC7/createStudentAcount_valid_Info_Success" classname="Test Cases/UC7/createStudentAcount_valid_Info_Success" status="PASSED">
         <system-out><![CDATA[2018-03-28 00:36:52 - [TEST_CASE][PASSED] - Test Cases/UC7/createStudentAcount_valid_Info_Success: Test Cases/UC7/createStudentAcount_valid_Info_Success

2018-03-28 00:36:53 - [TEST_STEP][PASSED] - openBrowser: Browser is opened with url: ''

2018-03-28 00:36:57 - [MESSAGE][PASSED] - Browser is opened with url: ''

2018-03-28 00:36:57 - [TEST_STEP][PASSED] - navigateToUrl: Navigate to 'http://localhost:4200/student-crud' successfully

2018-03-28 00:37:06 - [MESSAGE][PASSED] - Navigate to 'http://localhost:4200/student-crud' successfully

2018-03-28 00:37:06 - [TEST_STEP][PASSED] - click: Object: 'Object Repository/UC7/i_add' is clicked on

2018-03-28 00:37:06 - [MESSAGE][PASSED] - Object: 'Object Repository/UC7/i_add' is clicked on

2018-03-28 00:37:06 - [TEST_STEP][PASSED] - setText: Text 'Praphusak' is set on object 'Object Repository/UC7/input_name'

2018-03-28 00:37:07 - [MESSAGE][PASSED] - Text 'Praphusak' is set on object 'Object Repository/UC7/input_name'

2018-03-28 00:37:07 - [TEST_STEP][PASSED] - setText: Text ' Tre-Intong' is set on object 'Object Repository/UC7/input_surname'

2018-03-28 00:37:07 - [MESSAGE][PASSED] - Text ' Tre-Intong' is set on object 'Object Repository/UC7/input_surname'

2018-03-28 00:37:07 - [TEST_STEP][PASSED] - setText: Text 'parphusak_t@cmu.ac.th' is set on object 'Object Repository/UC7/input_email'

2018-03-28 00:37:07 - [MESSAGE][PASSED] - Text 'parphusak_t@cmu.ac.th' is set on object 'Object Repository/UC7/input_email'

2018-03-28 00:37:07 - [TEST_STEP][PASSED] - setText: Text 'Pathathai Na Lumpoon' is set on object 'Object Repository/UC7/input_advisorName'

2018-03-28 00:37:08 - [MESSAGE][PASSED] - Text 'Pathathai Na Lumpoon' is set on object 'Object Repository/UC7/input_advisorName'

2018-03-28 00:37:08 - [TEST_STEP][PASSED] - setText: Text '123456' is set on object 'Object Repository/UC7/input_password'

2018-03-28 00:37:08 - [MESSAGE][PASSED] - Text '123456' is set on object 'Object Repository/UC7/input_password'

2018-03-28 00:37:08 - [TEST_STEP][PASSED] - setText: Text '123456' is set on object 'Object Repository/UC7/input_password2'

2018-03-28 00:37:08 - [MESSAGE][PASSED] - Text '123456' is set on object 'Object Repository/UC7/input_password2'

2018-03-28 00:37:08 - [TEST_STEP][PASSED] - setText: Text '01/01/1996' is set on object 'Object Repository/UC7/input_date'

2018-03-28 00:37:08 - [MESSAGE][PASSED] - Text '01/01/1996' is set on object 'Object Repository/UC7/input_date'

2018-03-28 00:37:08 - [TEST_STEP][PASSED] - setText: Text 'Chiang Mai' is set on object 'Object Repository/UC7/input_address'

2018-03-28 00:37:08 - [MESSAGE][PASSED] - Text 'Chiang Mai' is set on object 'Object Repository/UC7/input_address'

2018-03-28 00:37:08 - [TEST_STEP][PASSED] - setText: Text '01234567890' is set on object 'Object Repository/UC7/input_phone'

2018-03-28 00:37:09 - [MESSAGE][PASSED] - Text '01234567890' is set on object 'Object Repository/UC7/input_phone'

2018-03-28 00:37:09 - [TEST_STEP][PASSED] - click: Object: 'Object Repository/UC7/a_Submit' is clicked on

2018-03-28 00:37:09 - [MESSAGE][PASSED] - Object: 'Object Repository/UC7/a_Submit' is clicked on

2018-03-28 00:37:09 - [TEST_STEP][PASSED] - verifyElementPresent: Object 'Object Repository/UC7/td_Praphusak Tre-inthong (1)' is present

2018-03-28 00:37:09 - [MESSAGE][WARNING] - Timeout '0' is invalid. Using default page load timeout: '30'

2018-03-28 00:37:09 - [MESSAGE][PASSED] - Object 'Object Repository/UC7/td_Praphusak Tre-inthong (1)' is present

2018-03-28 00:37:09 - [TEST_STEP][PASSED] - closeBrowser: Browser is closed

2018-03-28 00:37:09 - [MESSAGE][PASSED] - Browser is closed]]></system-out>
         <system-err><![CDATA[]]></system-err>
      </testcase>
      <system-out><![CDATA[2018-03-28 00:36:19 - [TEST_SUITE][PASSED] - New Test Suite (6): Test Cases/UC7/createStudentAcount_valid_Info_Success]]></system-out>
      <system-err><![CDATA[]]></system-err>
   </testsuite>
</testsuites>
